2025-12-01 05:27:39,743 - INFO - TRAINING CONFIGURATION
2025-12-01 05:27:39,745 - INFO - Learning Rate: 5e-05
2025-12-01 05:27:39,747 - INFO - Mixed Precision: no
2025-12-01 05:27:39,751 - INFO - Max Steps: 1000
2025-12-01 05:27:39,755 - INFO - Checkpoint Every: 200 steps
2025-12-01 05:27:39,761 - INFO - Initializing training...
2025-12-01 05:27:39,788 - INFO - Loading models...
2025-12-01 05:30:18,215 - INFO - Applying LoRA...
2025-12-01 05:30:19,898 - INFO - Trainable params: 23,224,320 (0.90%)
2025-12-01 05:30:20,483 - INFO - XFormers enabled
2025-12-01 05:30:20,511 - INFO - Using 8-bit Adam
2025-12-01 05:30:20,513 - INFO - Loading dataset...
2025-12-01 05:30:21,494 - INFO - Dataset: 1221 images
2025-12-01 05:31:22,980 - INFO - STARTING TRAINING
2025-12-01 05:31:22,982 - INFO - Total epochs: 4
2025-12-01 05:31:22,983 - INFO - Steps per epoch (approx): 306
2025-12-01 05:31:22,984 - INFO - Total steps: 1000
2025-12-01 05:31:22,985 - INFO - Epoch 1/4
2025-12-01 05:31:32,322 - INFO - Step    1/1000 | Loss: 0.040917
2025-12-01 05:31:38,470 - INFO - Step    2/1000 | Loss: 0.003589
2025-12-01 05:31:44,928 - INFO - Step    3/1000 | Loss: 0.165460
2025-12-01 05:31:51,828 - INFO - Step    4/1000 | Loss: 0.007570
2025-12-01 05:31:58,425 - INFO - Step    5/1000 | Loss: 0.136180
2025-12-01 05:32:04,788 - INFO - Step    6/1000 | Loss: 0.025238
2025-12-01 05:32:11,387 - INFO - Step    7/1000 | Loss: 0.263840
2025-12-01 05:32:18,316 - INFO - Step    8/1000 | Loss: 0.018560
2025-12-01 05:32:25,052 - INFO - Step    9/1000 | Loss: 0.061243
2025-12-01 05:32:31,756 - INFO - Step   10/1000 | Loss: 0.071904
2025-12-01 05:32:38,950 - INFO - Step   11/1000 | Loss: 0.100984
2025-12-01 05:32:45,798 - INFO - Step   12/1000 | Loss: 0.034228
2025-12-01 05:32:52,504 - INFO - Step   13/1000 | Loss: 0.047980
2025-12-01 05:33:03,740 - INFO - Step   14/1000 | Loss: 0.019295
2025-12-01 05:33:11,041 - INFO - Step   15/1000 | Loss: 0.007686
2025-12-01 05:33:17,615 - INFO - Step   16/1000 | Loss: 0.208919
2025-12-01 05:33:24,388 - INFO - Step   17/1000 | Loss: 0.050501
2025-12-01 05:33:30,978 - INFO - Step   18/1000 | Loss: 0.003685
2025-12-01 05:33:38,160 - INFO - Step   19/1000 | Loss: 0.023173
2025-12-01 05:33:44,789 - INFO - Step   20/1000 | Loss: 0.071417
2025-12-01 05:33:51,553 - INFO - Step   21/1000 | Loss: 0.045029
2025-12-01 05:33:58,996 - INFO - Step   22/1000 | Loss: 0.327963
2025-12-01 05:34:05,595 - INFO - Step   23/1000 | Loss: 0.023865
2025-12-01 05:34:12,375 - INFO - Step   24/1000 | Loss: 0.059570
2025-12-01 05:34:19,001 - INFO - Step   25/1000 | Loss: 0.178765
2025-12-01 05:34:28,171 - INFO - Step   26/1000 | Loss: 0.052693
2025-12-01 05:34:35,064 - INFO - Step   27/1000 | Loss: 0.020524
2025-12-01 05:34:41,673 - INFO - Step   28/1000 | Loss: 0.169697
2025-12-01 05:34:48,498 - INFO - Step   29/1000 | Loss: 0.003908
2025-12-01 05:34:55,549 - INFO - Step   30/1000 | Loss: 0.100138
2025-12-01 05:35:02,344 - INFO - Step   31/1000 | Loss: 0.066030
2025-12-01 05:35:08,918 - INFO - Step   32/1000 | Loss: 0.008573
2025-12-01 05:35:16,171 - INFO - Step   33/1000 | Loss: 0.208078
2025-12-01 05:35:22,888 - INFO - Step   34/1000 | Loss: 0.040070
2025-12-01 05:35:29,612 - INFO - Step   35/1000 | Loss: 0.207771
2025-12-01 05:35:36,476 - INFO - Step   36/1000 | Loss: 0.045475
2025-12-01 05:35:43,482 - INFO - Step   37/1000 | Loss: 0.006149
2025-12-01 05:35:50,323 - INFO - Step   38/1000 | Loss: 0.022575
2025-12-01 05:35:56,917 - INFO - Step   39/1000 | Loss: 0.156547
2025-12-01 05:36:03,687 - INFO - Step   40/1000 | Loss: 0.018204
2025-12-01 05:36:10,744 - INFO - Step   41/1000 | Loss: 0.157264
2025-12-01 05:36:17,521 - INFO - Step   42/1000 | Loss: 0.134071
2025-12-01 05:36:24,224 - INFO - Step   43/1000 | Loss: 0.066605
2025-12-01 05:36:30,956 - INFO - Step   44/1000 | Loss: 0.043744
2025-12-01 05:36:38,220 - INFO - Step   45/1000 | Loss: 0.018678
2025-12-01 05:36:44,801 - INFO - Step   46/1000 | Loss: 0.213488
2025-12-01 05:36:51,590 - INFO - Step   47/1000 | Loss: 0.160679
2025-12-01 05:36:58,617 - INFO - Step   48/1000 | Loss: 0.345710
2025-12-01 05:37:05,400 - INFO - Step   49/1000 | Loss: 0.112843
2025-12-01 05:37:12,055 - INFO - Step   50/1000 | Loss: 0.138677
2025-12-01 05:37:18,885 - INFO - Step   51/1000 | Loss: 0.035986
2025-12-01 05:37:26,317 - INFO - Step   52/1000 | Loss: 0.115989
2025-12-01 05:37:32,921 - INFO - Step   53/1000 | Loss: 0.215348
2025-12-01 05:37:39,711 - INFO - Step   54/1000 | Loss: 0.200696
2025-12-01 05:37:46,326 - INFO - Step   55/1000 | Loss: 0.363524
2025-12-01 05:37:53,540 - INFO - Step   56/1000 | Loss: 0.092045
2025-12-01 05:38:00,146 - INFO - Step   57/1000 | Loss: 0.067118
2025-12-01 05:38:07,004 - INFO - Step   58/1000 | Loss: 0.054909
2025-12-01 05:38:14,245 - INFO - Step   59/1000 | Loss: 0.002868
2025-12-01 05:38:20,963 - INFO - Step   60/1000 | Loss: 0.012459
2025-12-01 05:38:27,781 - INFO - Step   61/1000 | Loss: 0.041120
2025-12-01 05:38:34,393 - INFO - Step   62/1000 | Loss: 0.008318
2025-12-01 05:38:41,621 - INFO - Step   63/1000 | Loss: 0.013148
2025-12-01 05:38:48,229 - INFO - Step   64/1000 | Loss: 0.072464
2025-12-01 05:38:55,066 - INFO - Step   65/1000 | Loss: 0.011353
2025-12-01 05:39:01,783 - INFO - Step   66/1000 | Loss: 0.203248
2025-12-01 05:39:09,118 - INFO - Step   67/1000 | Loss: 0.133371
2025-12-01 05:39:16,040 - INFO - Step   68/1000 | Loss: 0.022032
2025-12-01 05:39:22,694 - INFO - Step   69/1000 | Loss: 0.053444
2025-12-01 05:39:29,913 - INFO - Step   70/1000 | Loss: 0.194966
2025-12-01 05:39:36,517 - INFO - Step   71/1000 | Loss: 0.004714
2025-12-01 05:39:43,334 - INFO - Step   72/1000 | Loss: 0.137775
2025-12-01 05:39:49,941 - INFO - Step   73/1000 | Loss: 0.193277
2025-12-01 05:39:57,244 - INFO - Step   74/1000 | Loss: 0.038904
2025-12-01 05:40:04,064 - INFO - Step   75/1000 | Loss: 0.271002
2025-12-01 05:40:10,702 - INFO - Step   76/1000 | Loss: 0.104111
2025-12-01 05:40:17,438 - INFO - Step   77/1000 | Loss: 0.019855
2025-12-01 05:40:24,686 - INFO - Step   78/1000 | Loss: 0.143199
2025-12-01 05:40:31,637 - INFO - Step   79/1000 | Loss: 0.040836
2025-12-01 05:40:38,228 - INFO - Step   80/1000 | Loss: 0.030491
2025-12-01 05:40:45,449 - INFO - Step   81/1000 | Loss: 0.126002
2025-12-01 05:40:52,173 - INFO - Step   82/1000 | Loss: 0.004238
2025-12-01 05:40:58,921 - INFO - Step   83/1000 | Loss: 0.137265
2025-12-01 05:41:05,753 - INFO - Step   84/1000 | Loss: 0.151643
2025-12-01 05:41:12,810 - INFO - Step   85/1000 | Loss: 0.278799
2025-12-01 05:41:19,631 - INFO - Step   86/1000 | Loss: 0.180173
2025-12-01 05:41:26,247 - INFO - Step   87/1000 | Loss: 0.035087
2025-12-01 05:41:33,062 - INFO - Step   88/1000 | Loss: 0.005653
2025-12-01 05:41:40,194 - INFO - Step   89/1000 | Loss: 0.047704
2025-12-01 05:41:47,023 - INFO - Step   90/1000 | Loss: 0.010506
2025-12-01 05:41:53,926 - INFO - Step   91/1000 | Loss: 0.077846
2025-12-01 05:42:00,553 - INFO - Step   92/1000 | Loss: 0.007659
2025-12-01 05:42:07,786 - INFO - Step   93/1000 | Loss: 0.140126
2025-12-01 05:42:14,412 - INFO - Step   94/1000 | Loss: 0.249286
2025-12-01 05:42:21,245 - INFO - Step   95/1000 | Loss: 0.199818
2025-12-01 05:42:28,271 - INFO - Step   96/1000 | Loss: 0.027557
2025-12-01 05:42:35,171 - INFO - Step   97/1000 | Loss: 0.143088
2025-12-01 05:42:41,907 - INFO - Step   98/1000 | Loss: 0.102839
2025-12-01 05:42:48,699 - INFO - Step   99/1000 | Loss: 0.140928
2025-12-01 05:42:55,963 - INFO - Step  100/1000 | Loss: 0.091892
2025-12-01 05:43:02,570 - INFO - Step  101/1000 | Loss: 0.033051
2025-12-01 05:43:09,391 - INFO - Step  102/1000 | Loss: 0.093090
2025-12-01 05:43:16,016 - INFO - Step  103/1000 | Loss: 0.216431
2025-12-01 05:43:23,298 - INFO - Step  104/1000 | Loss: 0.151432
2025-12-01 05:43:30,014 - INFO - Step  105/1000 | Loss: 0.053025
2025-12-01 05:43:36,906 - INFO - Step  106/1000 | Loss: 0.279724
2025-12-01 05:43:44,145 - INFO - Step  107/1000 | Loss: 0.265098
2025-12-01 05:43:50,762 - INFO - Step  108/1000 | Loss: 0.056584
2025-12-01 05:43:57,613 - INFO - Step  109/1000 | Loss: 0.036866
2025-12-01 05:44:04,226 - INFO - Step  110/1000 | Loss: 0.009112
2025-12-01 05:44:11,633 - INFO - Step  111/1000 | Loss: 0.012310
2025-12-01 05:44:18,230 - INFO - Step  112/1000 | Loss: 0.001826
2025-12-01 05:44:25,120 - INFO - Step  113/1000 | Loss: 0.108342
2025-12-01 05:44:31,862 - INFO - Step  114/1000 | Loss: 0.024196
2025-12-01 05:44:39,125 - INFO - Step  115/1000 | Loss: 0.106132
2025-12-01 05:44:45,958 - INFO - Step  116/1000 | Loss: 0.255884
2025-12-01 05:44:52,570 - INFO - Step  117/1000 | Loss: 0.279465
2025-12-01 05:44:59,878 - INFO - Step  118/1000 | Loss: 0.045688
2025-12-01 05:45:06,470 - INFO - Step  119/1000 | Loss: 0.014700
2025-12-01 05:45:13,270 - INFO - Step  120/1000 | Loss: 0.044097
2025-12-01 05:45:19,985 - INFO - Step  121/1000 | Loss: 0.023767
2025-12-01 05:45:27,255 - INFO - Step  122/1000 | Loss: 0.176957
2025-12-01 05:45:34,119 - INFO - Step  123/1000 | Loss: 0.005149
2025-12-01 05:45:40,735 - INFO - Step  124/1000 | Loss: 0.035534
2025-12-01 05:45:47,486 - INFO - Step  125/1000 | Loss: 0.003629
2025-12-01 05:45:54,546 - INFO - Step  126/1000 | Loss: 0.004886
2025-12-01 05:46:01,342 - INFO - Step  127/1000 | Loss: 0.003106
2025-12-01 05:46:07,931 - INFO - Step  128/1000 | Loss: 0.023395
2025-12-01 05:46:15,138 - INFO - Step  129/1000 | Loss: 0.043974
2025-12-01 05:46:21,838 - INFO - Step  130/1000 | Loss: 0.212972
2025-12-01 05:46:28,912 - INFO - Step  131/1000 | Loss: 0.254053
2025-12-01 05:46:35,717 - INFO - Step  132/1000 | Loss: 0.274250
2025-12-01 05:46:42,764 - INFO - Step  133/1000 | Loss: 0.005165
2025-12-01 05:46:49,541 - INFO - Step  134/1000 | Loss: 0.224898
2025-12-01 05:46:56,137 - INFO - Step  135/1000 | Loss: 0.162770
2025-12-01 05:47:02,966 - INFO - Step  136/1000 | Loss: 0.007146
2025-12-01 05:47:10,156 - INFO - Step  137/1000 | Loss: 0.094248
2025-12-01 05:47:16,891 - INFO - Step  138/1000 | Loss: 0.100785
2025-12-01 05:47:23,768 - INFO - Step  139/1000 | Loss: 0.122725
2025-12-01 05:47:30,386 - INFO - Step  140/1000 | Loss: 0.054830
2025-12-01 05:47:37,625 - INFO - Step  141/1000 | Loss: 0.067483
2025-12-01 05:47:44,224 - INFO - Step  142/1000 | Loss: 0.004196
2025-12-01 05:47:50,975 - INFO - Step  143/1000 | Loss: 0.027368
2025-12-01 05:47:58,128 - INFO - Step  144/1000 | Loss: 0.019710
2025-12-01 05:48:04,906 - INFO - Step  145/1000 | Loss: 0.042973
2025-12-01 05:48:11,773 - INFO - Step  146/1000 | Loss: 0.009020
2025-12-01 05:48:18,429 - INFO - Step  147/1000 | Loss: 0.004821
2025-12-01 05:48:25,702 - INFO - Step  148/1000 | Loss: 0.074169
2025-12-01 05:48:32,345 - INFO - Step  149/1000 | Loss: 0.086206
2025-12-01 05:48:39,222 - INFO - Step  150/1000 | Loss: 0.252415
2025-12-01 05:48:45,857 - INFO - Step  151/1000 | Loss: 0.152603
2025-12-01 05:48:53,170 - INFO - Step  152/1000 | Loss: 0.070713
2025-12-01 05:48:59,883 - INFO - Step  153/1000 | Loss: 0.145716
2025-12-01 05:49:06,647 - INFO - Step  154/1000 | Loss: 0.180938
2025-12-01 05:49:13,480 - INFO - Step  155/1000 | Loss: 0.006611
2025-12-01 05:49:20,526 - INFO - Step  156/1000 | Loss: 0.050857
2025-12-01 05:49:27,360 - INFO - Step  157/1000 | Loss: 0.040669
2025-12-01 05:49:33,959 - INFO - Step  158/1000 | Loss: 0.005759
2025-12-01 05:49:41,262 - INFO - Step  159/1000 | Loss: 0.251144
2025-12-01 05:49:47,969 - INFO - Step  160/1000 | Loss: 0.116988
2025-12-01 05:49:54,812 - INFO - Step  161/1000 | Loss: 0.003052
2025-12-01 05:50:01,682 - INFO - Step  162/1000 | Loss: 0.108228
2025-12-01 05:50:08,730 - INFO - Step  163/1000 | Loss: 0.060619
2025-12-01 05:50:15,567 - INFO - Step  164/1000 | Loss: 0.006571
2025-12-01 05:50:22,195 - INFO - Step  165/1000 | Loss: 0.002801
2025-12-01 05:50:29,023 - INFO - Step  166/1000 | Loss: 0.081706
2025-12-01 05:50:36,174 - INFO - Step  167/1000 | Loss: 0.161257
2025-12-01 05:50:42,920 - INFO - Step  168/1000 | Loss: 0.237568
2025-12-01 05:50:49,729 - INFO - Step  169/1000 | Loss: 0.022848
2025-12-01 05:50:56,860 - INFO - Step  170/1000 | Loss: 0.259772
2025-12-01 05:51:03,655 - INFO - Step  171/1000 | Loss: 0.008638
2025-12-01 05:51:10,278 - INFO - Step  172/1000 | Loss: 0.095142
2025-12-01 05:51:17,089 - INFO - Step  173/1000 | Loss: 0.020403
2025-12-01 05:51:24,109 - INFO - Step  174/1000 | Loss: 0.003876
2025-12-01 05:51:30,859 - INFO - Step  175/1000 | Loss: 0.259966
2025-12-01 05:51:37,590 - INFO - Step  176/1000 | Loss: 0.032168
2025-12-01 05:51:44,324 - INFO - Step  177/1000 | Loss: 0.059527
2025-12-01 05:51:51,536 - INFO - Step  178/1000 | Loss: 0.296640
2025-12-01 05:51:58,146 - INFO - Step  179/1000 | Loss: 0.295705
2025-12-01 05:52:04,938 - INFO - Step  180/1000 | Loss: 0.025964
2025-12-01 05:52:12,003 - INFO - Step  181/1000 | Loss: 0.249557
2025-12-01 05:52:18,826 - INFO - Step  182/1000 | Loss: 0.051229
2025-12-01 05:52:25,432 - INFO - Step  183/1000 | Loss: 0.016175
2025-12-01 05:52:32,346 - INFO - Step  184/1000 | Loss: 0.193713
2025-12-01 05:52:39,773 - INFO - Step  185/1000 | Loss: 0.179494
2025-12-01 05:52:46,372 - INFO - Step  186/1000 | Loss: 0.004362
2025-12-01 05:52:53,205 - INFO - Step  187/1000 | Loss: 0.036481
2025-12-01 05:52:59,811 - INFO - Step  188/1000 | Loss: 0.111645
2025-12-01 05:53:07,067 - INFO - Step  189/1000 | Loss: 0.002017
2025-12-01 05:53:13,685 - INFO - Step  190/1000 | Loss: 0.001597
2025-12-01 05:53:20,503 - INFO - Step  191/1000 | Loss: 0.264177
2025-12-01 05:53:27,871 - INFO - Step  192/1000 | Loss: 0.079473
2025-12-01 05:53:34,596 - INFO - Step  193/1000 | Loss: 0.010953
2025-12-01 05:53:41,412 - INFO - Step  194/1000 | Loss: 0.020876
2025-12-01 05:53:48,032 - INFO - Step  195/1000 | Loss: 0.017411
2025-12-01 05:53:55,381 - INFO - Step  196/1000 | Loss: 0.160710
2025-12-01 05:54:01,994 - INFO - Step  197/1000 | Loss: 0.048393
2025-12-01 05:54:08,772 - INFO - Step  198/1000 | Loss: 0.025150
2025-12-01 05:54:15,521 - INFO - Step  199/1000 | Loss: 0.035745
2025-12-01 05:54:22,660 - INFO - Step  200/1000 | Loss: 0.123137
2025-12-01 05:54:22,990 - INFO - Checkpoint saved: ./sdxl-naruto-lora/checkpoint-200
2025-12-01 05:54:29,792 - INFO - Step  201/1000 | Loss: 0.118115
2025-12-01 05:54:36,400 - INFO - Step  202/1000 | Loss: 0.037998
2025-12-01 05:54:43,268 - INFO - Step  203/1000 | Loss: 0.011599
2025-12-01 05:54:50,329 - INFO - Step  204/1000 | Loss: 0.196462
2025-12-01 05:54:57,162 - INFO - Step  205/1000 | Loss: 0.007626
2025-12-01 05:55:03,826 - INFO - Step  206/1000 | Loss: 0.104948
2025-12-01 05:55:11,111 - INFO - Step  207/1000 | Loss: 0.271623
2025-12-01 05:55:17,955 - INFO - Step  208/1000 | Loss: 0.067390
2025-12-01 05:55:24,564 - INFO - Step  209/1000 | Loss: 0.054099
2025-12-01 05:55:31,411 - INFO - Step  210/1000 | Loss: 0.004384
2025-12-01 05:55:38,435 - INFO - Step  211/1000 | Loss: 0.188693
2025-12-01 05:55:45,182 - INFO - Step  212/1000 | Loss: 0.011341
2025-12-01 05:55:51,778 - INFO - Step  213/1000 | Loss: 0.012035
2025-12-01 05:55:58,628 - INFO - Step  214/1000 | Loss: 0.074976
2025-12-01 05:56:05,765 - INFO - Step  215/1000 | Loss: 0.226013
2025-12-01 05:56:12,520 - INFO - Step  216/1000 | Loss: 0.183449
2025-12-01 05:56:19,342 - INFO - Step  217/1000 | Loss: 0.184256
2025-12-01 05:56:26,367 - INFO - Step  218/1000 | Loss: 0.083220
2025-12-01 05:56:33,142 - INFO - Step  219/1000 | Loss: 0.048948
2025-12-01 05:56:39,751 - INFO - Step  220/1000 | Loss: 0.003696
2025-12-01 05:56:46,564 - INFO - Step  221/1000 | Loss: 0.198340
2025-12-01 05:56:53,767 - INFO - Step  222/1000 | Loss: 0.005056
2025-12-01 05:57:00,488 - INFO - Step  223/1000 | Loss: 0.014049
2025-12-01 05:57:07,319 - INFO - Step  224/1000 | Loss: 0.132862
2025-12-01 05:57:13,934 - INFO - Step  225/1000 | Loss: 0.008644
2025-12-01 05:57:21,176 - INFO - Step  226/1000 | Loss: 0.005951
2025-12-01 05:57:27,783 - INFO - Step  227/1000 | Loss: 0.005579
2025-12-01 05:57:34,519 - INFO - Step  228/1000 | Loss: 0.011224
2025-12-01 05:57:41,130 - INFO - Step  229/1000 | Loss: 0.006663
2025-12-01 05:57:48,494 - INFO - Step  230/1000 | Loss: 0.144623
2025-12-01 05:57:55,302 - INFO - Step  231/1000 | Loss: 0.137689
2025-12-01 05:58:01,930 - INFO - Step  232/1000 | Loss: 0.064698
2025-12-01 05:58:09,231 - INFO - Step  233/1000 | Loss: 0.002938
2025-12-01 05:58:15,848 - INFO - Step  234/1000 | Loss: 0.006831
2025-12-01 05:58:22,615 - INFO - Step  235/1000 | Loss: 0.181861
2025-12-01 05:58:29,225 - INFO - Step  236/1000 | Loss: 0.042735
2025-12-01 05:58:36,559 - INFO - Step  237/1000 | Loss: 0.005001
2025-12-01 05:58:43,480 - INFO - Step  238/1000 | Loss: 0.088664
2025-12-01 05:58:50,213 - INFO - Step  239/1000 | Loss: 0.041370
2025-12-01 05:58:56,980 - INFO - Step  240/1000 | Loss: 0.029879
2025-12-01 05:59:03,979 - INFO - Step  241/1000 | Loss: 0.034147
2025-12-01 05:59:10,746 - INFO - Step  242/1000 | Loss: 0.043183
2025-12-01 05:59:17,355 - INFO - Step  243/1000 | Loss: 0.117021
2025-12-01 05:59:24,613 - INFO - Step  244/1000 | Loss: 0.118393
2025-12-01 05:59:31,316 - INFO - Step  245/1000 | Loss: 0.049324
2025-12-01 05:59:38,070 - INFO - Step  246/1000 | Loss: 0.001854
2025-12-01 05:59:44,952 - INFO - Step  247/1000 | Loss: 0.270479
2025-12-01 05:59:51,982 - INFO - Step  248/1000 | Loss: 0.003355
2025-12-01 05:59:58,794 - INFO - Step  249/1000 | Loss: 0.002815
2025-12-01 06:00:05,403 - INFO - Step  250/1000 | Loss: 0.006898
2025-12-01 06:00:12,175 - INFO - Step  251/1000 | Loss: 0.068513
2025-12-01 06:00:19,268 - INFO - Step  252/1000 | Loss: 0.147668
2025-12-01 06:00:26,027 - INFO - Step  253/1000 | Loss: 0.219690
2025-12-01 06:00:32,747 - INFO - Step  254/1000 | Loss: 0.003283
2025-12-01 06:00:39,552 - INFO - Step  255/1000 | Loss: 0.002961
2025-12-01 06:00:46,877 - INFO - Step  256/1000 | Loss: 0.008948
2025-12-01 06:00:53,498 - INFO - Step  257/1000 | Loss: 0.021162
2025-12-01 06:01:00,288 - INFO - Step  258/1000 | Loss: 0.048299
2025-12-01 06:01:07,346 - INFO - Step  259/1000 | Loss: 0.019438
2025-12-01 06:01:14,158 - INFO - Step  260/1000 | Loss: 0.008441
2025-12-01 06:01:20,884 - INFO - Step  261/1000 | Loss: 0.140939
2025-12-01 06:01:27,638 - INFO - Step  262/1000 | Loss: 0.004867
2025-12-01 06:01:34,952 - INFO - Step  263/1000 | Loss: 0.336240
2025-12-01 06:01:41,569 - INFO - Step  264/1000 | Loss: 0.110899
2025-12-01 06:01:48,389 - INFO - Step  265/1000 | Loss: 0.044489
2025-12-01 06:01:55,003 - INFO - Step  266/1000 | Loss: 0.004984
2025-12-01 06:02:02,226 - INFO - Step  267/1000 | Loss: 0.003552
2025-12-01 06:02:08,952 - INFO - Step  268/1000 | Loss: 0.003771
2025-12-01 06:02:15,731 - INFO - Step  269/1000 | Loss: 0.124728
2025-12-01 06:02:23,098 - INFO - Step  270/1000 | Loss: 0.097160
2025-12-01 06:02:29,683 - INFO - Step  271/1000 | Loss: 0.195858
2025-12-01 06:02:36,484 - INFO - Step  272/1000 | Loss: 0.196246
2025-12-01 06:02:43,099 - INFO - Step  273/1000 | Loss: 0.058677
2025-12-01 06:02:50,409 - INFO - Step  274/1000 | Loss: 0.139310
2025-12-01 06:02:57,009 - INFO - Step  275/1000 | Loss: 0.010410
2025-12-01 06:03:03,852 - INFO - Step  276/1000 | Loss: 0.054040
2025-12-01 06:03:10,579 - INFO - Step  277/1000 | Loss: 0.019414
2025-12-01 06:03:17,743 - INFO - Step  278/1000 | Loss: 0.034168
2025-12-01 06:03:24,527 - INFO - Step  279/1000 | Loss: 0.040228
2025-12-01 06:03:31,114 - INFO - Step  280/1000 | Loss: 0.226845
2025-12-01 06:03:38,359 - INFO - Step  281/1000 | Loss: 0.203621
2025-12-01 06:03:44,957 - INFO - Step  282/1000 | Loss: 0.162432
2025-12-01 06:03:51,743 - INFO - Step  283/1000 | Loss: 0.205537
2025-12-01 06:03:58,408 - INFO - Step  284/1000 | Loss: 0.018155
2025-12-01 06:04:05,623 - INFO - Step  285/1000 | Loss: 0.023629
2025-12-01 06:04:12,503 - INFO - Step  286/1000 | Loss: 0.258476
2025-12-01 06:04:19,108 - INFO - Step  287/1000 | Loss: 0.064088
2025-12-01 06:04:25,891 - INFO - Step  288/1000 | Loss: 0.067385
2025-12-01 06:04:32,920 - INFO - Step  289/1000 | Loss: 0.144670
2025-12-01 06:04:39,704 - INFO - Step  290/1000 | Loss: 0.030073
2025-12-01 06:04:46,285 - INFO - Step  291/1000 | Loss: 0.086460
2025-12-01 06:04:53,479 - INFO - Step  292/1000 | Loss: 0.278795
2025-12-01 06:05:00,617 - INFO - Step  293/1000 | Loss: 0.003042
2025-12-01 06:05:07,345 - INFO - Step  294/1000 | Loss: 0.190823
2025-12-01 06:05:14,193 - INFO - Step  295/1000 | Loss: 0.011622
2025-12-01 06:05:21,282 - INFO - Step  296/1000 | Loss: 0.086987
2025-12-01 06:05:28,049 - INFO - Step  297/1000 | Loss: 0.039871
2025-12-01 06:05:34,634 - INFO - Step  298/1000 | Loss: 0.085939
2025-12-01 06:05:41,386 - INFO - Step  299/1000 | Loss: 0.003339
2025-12-01 06:05:48,427 - INFO - Step  300/1000 | Loss: 0.022289
2025-12-01 06:05:55,218 - INFO - Step  301/1000 | Loss: 0.001843
2025-12-01 06:06:01,961 - INFO - Step  302/1000 | Loss: 0.274722
2025-12-01 06:06:08,713 - INFO - Step  303/1000 | Loss: 0.118764
2025-12-01 06:06:15,943 - INFO - Step  304/1000 | Loss: 0.013020
2025-12-01 06:06:22,564 - INFO - Step  305/1000 | Loss: 0.046240
2025-12-01 06:06:24,546 - INFO - Step  306/1000 | Loss: 0.002544
2025-12-01 06:06:24,551 - INFO - Epoch 2/4
2025-12-01 06:06:31,582 - INFO - Step  307/1000 | Loss: 0.186079
2025-12-01 06:06:38,883 - INFO - Step  308/1000 | Loss: 0.023197
2025-12-01 06:06:45,594 - INFO - Step  309/1000 | Loss: 0.141570
2025-12-01 06:06:52,382 - INFO - Step  310/1000 | Loss: 0.144718
2025-12-01 06:06:58,996 - INFO - Step  311/1000 | Loss: 0.014036
2025-12-01 06:07:06,230 - INFO - Step  312/1000 | Loss: 0.079049
2025-12-01 06:07:12,833 - INFO - Step  313/1000 | Loss: 0.301639
2025-12-01 06:07:19,660 - INFO - Step  314/1000 | Loss: 0.025225
2025-12-01 06:07:26,342 - INFO - Step  315/1000 | Loss: 0.179748
2025-12-01 06:07:33,622 - INFO - Step  316/1000 | Loss: 0.066357
2025-12-01 06:07:40,532 - INFO - Step  317/1000 | Loss: 0.106502
2025-12-01 06:07:47,123 - INFO - Step  318/1000 | Loss: 0.121144
2025-12-01 06:07:54,484 - INFO - Step  319/1000 | Loss: 0.019789
2025-12-01 06:08:01,097 - INFO - Step  320/1000 | Loss: 0.243624
2025-12-01 06:08:07,870 - INFO - Step  321/1000 | Loss: 0.075783
2025-12-01 06:08:14,497 - INFO - Step  322/1000 | Loss: 0.052559
2025-12-01 06:08:21,749 - INFO - Step  323/1000 | Loss: 0.003994
2025-12-01 06:08:28,548 - INFO - Step  324/1000 | Loss: 0.014958
2025-12-01 06:08:35,284 - INFO - Step  325/1000 | Loss: 0.218291
2025-12-01 06:08:42,120 - INFO - Step  326/1000 | Loss: 0.058154
2025-12-01 06:08:49,153 - INFO - Step  327/1000 | Loss: 0.059961
2025-12-01 06:08:55,955 - INFO - Step  328/1000 | Loss: 0.257286
2025-12-01 06:09:02,581 - INFO - Step  329/1000 | Loss: 0.085463
2025-12-01 06:09:09,814 - INFO - Step  330/1000 | Loss: 0.004140
2025-12-01 06:09:16,564 - INFO - Step  331/1000 | Loss: 0.035162
2025-12-01 06:09:23,303 - INFO - Step  332/1000 | Loss: 0.003434
2025-12-01 06:09:30,136 - INFO - Step  333/1000 | Loss: 0.130321
2025-12-01 06:09:37,131 - INFO - Step  334/1000 | Loss: 0.147680
2025-12-01 06:09:43,982 - INFO - Step  335/1000 | Loss: 0.268727
2025-12-01 06:09:50,568 - INFO - Step  336/1000 | Loss: 0.068406
2025-12-01 06:09:57,353 - INFO - Step  337/1000 | Loss: 0.051246
2025-12-01 06:10:04,395 - INFO - Step  338/1000 | Loss: 0.008372
2025-12-01 06:10:11,182 - INFO - Step  339/1000 | Loss: 0.276963
2025-12-01 06:10:17,910 - INFO - Step  340/1000 | Loss: 0.097794
2025-12-01 06:10:25,083 - INFO - Step  341/1000 | Loss: 0.255530
2025-12-01 06:10:31,883 - INFO - Step  342/1000 | Loss: 0.011240
2025-12-01 06:10:38,503 - INFO - Step  343/1000 | Loss: 0.158838
2025-12-01 06:10:45,311 - INFO - Step  344/1000 | Loss: 0.004598
2025-12-01 06:10:52,346 - INFO - Step  345/1000 | Loss: 0.031680
2025-12-01 06:10:59,237 - INFO - Step  346/1000 | Loss: 0.064026
2025-12-01 06:11:06,127 - INFO - Step  347/1000 | Loss: 0.063337
2025-12-01 06:11:12,851 - INFO - Step  348/1000 | Loss: 0.005962
2025-12-01 06:11:20,074 - INFO - Step  349/1000 | Loss: 0.092569
2025-12-01 06:11:26,666 - INFO - Step  350/1000 | Loss: 0.237165
2025-12-01 06:11:33,484 - INFO - Step  351/1000 | Loss: 0.003109
2025-12-01 06:11:40,509 - INFO - Step  352/1000 | Loss: 0.038314
2025-12-01 06:11:47,302 - INFO - Step  353/1000 | Loss: 0.006360
2025-12-01 06:11:53,950 - INFO - Step  354/1000 | Loss: 0.211510
2025-12-01 06:12:00,782 - INFO - Step  355/1000 | Loss: 0.254880
2025-12-01 06:12:08,052 - INFO - Step  356/1000 | Loss: 0.182472
2025-12-01 06:12:14,650 - INFO - Step  357/1000 | Loss: 0.019730
2025-12-01 06:12:21,450 - INFO - Step  358/1000 | Loss: 0.148114
2025-12-01 06:12:28,051 - INFO - Step  359/1000 | Loss: 0.022008
2025-12-01 06:12:35,353 - INFO - Step  360/1000 | Loss: 0.138073
2025-12-01 06:12:41,967 - INFO - Step  361/1000 | Loss: 0.016257
2025-12-01 06:12:48,787 - INFO - Step  362/1000 | Loss: 0.003236
2025-12-01 06:12:55,585 - INFO - Step  363/1000 | Loss: 0.111249
2025-12-01 06:13:02,845 - INFO - Step  364/1000 | Loss: 0.270782
2025-12-01 06:13:09,653 - INFO - Step  365/1000 | Loss: 0.323595
2025-12-01 06:13:16,261 - INFO - Step  366/1000 | Loss: 0.203300
2025-12-01 06:13:23,462 - INFO - Step  367/1000 | Loss: 0.055862
2025-12-01 06:13:30,090 - INFO - Step  368/1000 | Loss: 0.178822
2025-12-01 06:13:36,890 - INFO - Step  369/1000 | Loss: 0.007824
2025-12-01 06:13:43,618 - INFO - Step  370/1000 | Loss: 0.138178
2025-12-01 06:13:50,897 - INFO - Step  371/1000 | Loss: 0.016472
2025-12-01 06:13:57,703 - INFO - Step  372/1000 | Loss: 0.212003
2025-12-01 06:14:04,314 - INFO - Step  373/1000 | Loss: 0.130594
2025-12-01 06:14:11,071 - INFO - Step  374/1000 | Loss: 0.264110
2025-12-01 06:14:18,100 - INFO - Step  375/1000 | Loss: 0.113760
2025-12-01 06:14:24,867 - INFO - Step  376/1000 | Loss: 0.106431
2025-12-01 06:14:31,508 - INFO - Step  377/1000 | Loss: 0.155759
2025-12-01 06:14:38,343 - INFO - Step  378/1000 | Loss: 0.076698
2025-12-01 06:14:45,606 - INFO - Step  379/1000 | Loss: 0.232223
2025-12-01 06:14:52,327 - INFO - Step  380/1000 | Loss: 0.296778
2025-12-01 06:14:59,118 - INFO - Step  381/1000 | Loss: 0.061966
2025-12-01 06:15:06,134 - INFO - Step  382/1000 | Loss: 0.192706
2025-12-01 06:15:12,889 - INFO - Step  383/1000 | Loss: 0.025930
2025-12-01 06:15:19,483 - INFO - Step  384/1000 | Loss: 0.218071
2025-12-01 06:15:26,228 - INFO - Step  385/1000 | Loss: 0.009759
2025-12-01 06:15:33,396 - INFO - Step  386/1000 | Loss: 0.040745
2025-12-01 06:15:40,109 - INFO - Step  387/1000 | Loss: 0.022729
2025-12-01 06:15:46,937 - INFO - Step  388/1000 | Loss: 0.023109
2025-12-01 06:15:53,535 - INFO - Step  389/1000 | Loss: 0.277594
2025-12-01 06:16:00,781 - INFO - Step  390/1000 | Loss: 0.008551
2025-12-01 06:16:07,375 - INFO - Step  391/1000 | Loss: 0.318517
2025-12-01 06:16:14,118 - INFO - Step  392/1000 | Loss: 0.012418
2025-12-01 06:16:21,143 - INFO - Step  393/1000 | Loss: 0.039070
2025-12-01 06:16:27,912 - INFO - Step  394/1000 | Loss: 0.002616
2025-12-01 06:16:34,627 - INFO - Step  395/1000 | Loss: 0.243277
2025-12-01 06:16:41,413 - INFO - Step  396/1000 | Loss: 0.035381
2025-12-01 06:16:48,676 - INFO - Step  397/1000 | Loss: 0.079473
2025-12-01 06:16:55,284 - INFO - Step  398/1000 | Loss: 0.258619
2025-12-01 06:17:02,078 - INFO - Step  399/1000 | Loss: 0.030999
2025-12-01 06:17:08,685 - INFO - Step  400/1000 | Loss: 0.032899
2025-12-01 06:17:08,999 - INFO - Checkpoint saved: ./sdxl-naruto-lora/checkpoint-400
2025-12-01 06:17:16,710 - INFO - Step  401/1000 | Loss: 0.039974
2025-12-01 06:17:23,373 - INFO - Step  402/1000 | Loss: 0.148339
2025-12-01 06:17:30,211 - INFO - Step  403/1000 | Loss: 0.022632
2025-12-01 06:17:37,076 - INFO - Step  404/1000 | Loss: 0.003815
2025-12-01 06:17:44,214 - INFO - Step  405/1000 | Loss: 0.208060
2025-12-01 06:17:50,989 - INFO - Step  406/1000 | Loss: 0.005252
2025-12-01 06:17:57,594 - INFO - Step  407/1000 | Loss: 0.118390
2025-12-01 06:18:04,851 - INFO - Step  408/1000 | Loss: 0.062480
2025-12-01 06:18:11,450 - INFO - Step  409/1000 | Loss: 0.005689
2025-12-01 06:18:18,272 - INFO - Step  410/1000 | Loss: 0.264352
2025-12-01 06:18:25,001 - INFO - Step  411/1000 | Loss: 0.034081
2025-12-01 06:18:32,191 - INFO - Step  412/1000 | Loss: 0.245080
2025-12-01 06:18:38,999 - INFO - Step  413/1000 | Loss: 0.012260
2025-12-01 06:18:45,589 - INFO - Step  414/1000 | Loss: 0.012096
2025-12-01 06:18:52,409 - INFO - Step  415/1000 | Loss: 0.024363
2025-12-01 06:18:59,427 - INFO - Step  416/1000 | Loss: 0.003189
2025-12-01 06:19:06,255 - INFO - Step  417/1000 | Loss: 0.003188
2025-12-01 06:19:12,948 - INFO - Step  418/1000 | Loss: 0.038948
2025-12-01 06:19:20,196 - INFO - Step  419/1000 | Loss: 0.017605
2025-12-01 06:19:27,094 - INFO - Step  420/1000 | Loss: 0.044029
2025-12-01 06:19:33,707 - INFO - Step  421/1000 | Loss: 0.219337
2025-12-01 06:19:40,542 - INFO - Step  422/1000 | Loss: 0.011941
2025-12-01 06:19:47,580 - INFO - Step  423/1000 | Loss: 0.022084
2025-12-01 06:19:54,375 - INFO - Step  424/1000 | Loss: 0.017076
2025-12-01 06:20:00,991 - INFO - Step  425/1000 | Loss: 0.006457
2025-12-01 06:20:07,830 - INFO - Step  426/1000 | Loss: 0.196587
2025-12-01 06:20:14,964 - INFO - Step  427/1000 | Loss: 0.142393
2025-12-01 06:20:21,745 - INFO - Step  428/1000 | Loss: 0.008407
2025-12-01 06:20:28,503 - INFO - Step  429/1000 | Loss: 0.224090
2025-12-01 06:20:35,507 - INFO - Step  430/1000 | Loss: 0.073682
2025-12-01 06:20:42,305 - INFO - Step  431/1000 | Loss: 0.028318
2025-12-01 06:20:48,891 - INFO - Step  432/1000 | Loss: 0.012688
2025-12-01 06:20:55,654 - INFO - Step  433/1000 | Loss: 0.041574
2025-12-01 06:21:02,718 - INFO - Step  434/1000 | Loss: 0.005085
2025-12-01 06:21:09,467 - INFO - Step  435/1000 | Loss: 0.298026
2025-12-01 06:21:16,273 - INFO - Step  436/1000 | Loss: 0.131750
2025-12-01 06:21:22,978 - INFO - Step  437/1000 | Loss: 0.005694
2025-12-01 06:21:30,291 - INFO - Step  438/1000 | Loss: 0.044059
2025-12-01 06:21:36,878 - INFO - Step  439/1000 | Loss: 0.299749
2025-12-01 06:21:43,662 - INFO - Step  440/1000 | Loss: 0.155461
2025-12-01 06:21:50,274 - INFO - Step  441/1000 | Loss: 0.158886
2025-12-01 06:21:57,566 - INFO - Step  442/1000 | Loss: 0.087513
2025-12-01 06:22:04,330 - INFO - Step  443/1000 | Loss: 0.047106
2025-12-01 06:22:11,041 - INFO - Step  444/1000 | Loss: 0.168274
2025-12-01 06:22:18,309 - INFO - Step  445/1000 | Loss: 0.111294
2025-12-01 06:22:24,905 - INFO - Step  446/1000 | Loss: 0.133555
2025-12-01 06:22:31,734 - INFO - Step  447/1000 | Loss: 0.249687
2025-12-01 06:22:38,333 - INFO - Step  448/1000 | Loss: 0.033118
2025-12-01 06:22:45,621 - INFO - Step  449/1000 | Loss: 0.349484
2025-12-01 06:22:52,349 - INFO - Step  450/1000 | Loss: 0.191760
2025-12-01 06:22:59,180 - INFO - Step  451/1000 | Loss: 0.134605
2025-12-01 06:23:05,988 - INFO - Step  452/1000 | Loss: 0.086695
2025-12-01 06:23:13,079 - INFO - Step  453/1000 | Loss: 0.003888
2025-12-01 06:23:19,888 - INFO - Step  454/1000 | Loss: 0.128209
2025-12-01 06:23:26,503 - INFO - Step  455/1000 | Loss: 0.006461
2025-12-01 06:23:33,979 - INFO - Step  456/1000 | Loss: 0.060488
2025-12-01 06:23:40,575 - INFO - Step  457/1000 | Loss: 0.036011
2025-12-01 06:23:47,413 - INFO - Step  458/1000 | Loss: 0.150148
2025-12-01 06:23:54,153 - INFO - Step  459/1000 | Loss: 0.180858
2025-12-01 06:24:01,270 - INFO - Step  460/1000 | Loss: 0.020621
2025-12-01 06:24:08,053 - INFO - Step  461/1000 | Loss: 0.017992
2025-12-01 06:24:14,667 - INFO - Step  462/1000 | Loss: 0.006972
2025-12-01 06:24:21,548 - INFO - Step  463/1000 | Loss: 0.014736
2025-12-01 06:24:28,564 - INFO - Step  464/1000 | Loss: 0.273757
2025-12-01 06:24:35,363 - INFO - Step  465/1000 | Loss: 0.081882
2025-12-01 06:24:42,024 - INFO - Step  466/1000 | Loss: 0.122366
2025-12-01 06:24:49,243 - INFO - Step  467/1000 | Loss: 0.152858
2025-12-01 06:24:56,076 - INFO - Step  468/1000 | Loss: 0.090580
2025-12-01 06:25:02,686 - INFO - Step  469/1000 | Loss: 0.204965
2025-12-01 06:25:09,529 - INFO - Step  470/1000 | Loss: 0.146859
2025-12-01 06:25:16,569 - INFO - Step  471/1000 | Loss: 0.172669
2025-12-01 06:25:23,397 - INFO - Step  472/1000 | Loss: 0.140541
2025-12-01 06:25:30,013 - INFO - Step  473/1000 | Loss: 0.038297
2025-12-01 06:25:36,780 - INFO - Step  474/1000 | Loss: 0.219517
2025-12-01 06:25:43,921 - INFO - Step  475/1000 | Loss: 0.081063
2025-12-01 06:25:50,653 - INFO - Step  476/1000 | Loss: 0.004989
2025-12-01 06:25:57,485 - INFO - Step  477/1000 | Loss: 0.004507
2025-12-01 06:26:04,102 - INFO - Step  478/1000 | Loss: 0.009578
2025-12-01 06:26:11,281 - INFO - Step  479/1000 | Loss: 0.061900
2025-12-01 06:26:17,908 - INFO - Step  480/1000 | Loss: 0.017466
2025-12-01 06:26:24,661 - INFO - Step  481/1000 | Loss: 0.209129
2025-12-01 06:26:31,812 - INFO - Step  482/1000 | Loss: 0.118748
2025-12-01 06:26:38,588 - INFO - Step  483/1000 | Loss: 0.005150
2025-12-01 06:26:45,386 - INFO - Step  484/1000 | Loss: 0.273733
2025-12-01 06:26:52,054 - INFO - Step  485/1000 | Loss: 0.199956
2025-12-01 06:26:59,291 - INFO - Step  486/1000 | Loss: 0.095341
2025-12-01 06:27:05,896 - INFO - Step  487/1000 | Loss: 0.136973
2025-12-01 06:27:12,654 - INFO - Step  488/1000 | Loss: 0.110452
2025-12-01 06:27:19,260 - INFO - Step  489/1000 | Loss: 0.270878
2025-12-01 06:27:26,477 - INFO - Step  490/1000 | Loss: 0.021017
2025-12-01 06:27:33,242 - INFO - Step  491/1000 | Loss: 0.037030
2025-12-01 06:27:39,964 - INFO - Step  492/1000 | Loss: 0.002284
2025-12-01 06:27:47,430 - INFO - Step  493/1000 | Loss: 0.002219
2025-12-01 06:27:54,031 - INFO - Step  494/1000 | Loss: 0.049124
2025-12-01 06:28:00,842 - INFO - Step  495/1000 | Loss: 0.225359
2025-12-01 06:28:07,470 - INFO - Step  496/1000 | Loss: 0.070848
2025-12-01 06:28:14,616 - INFO - Step  497/1000 | Loss: 0.005555
2025-12-01 06:28:21,310 - INFO - Step  498/1000 | Loss: 0.002002
2025-12-01 06:28:28,081 - INFO - Step  499/1000 | Loss: 0.007828
2025-12-01 06:28:34,893 - INFO - Step  500/1000 | Loss: 0.007522
2025-12-01 06:28:42,014 - INFO - Step  501/1000 | Loss: 0.021171
2025-12-01 06:28:48,818 - INFO - Step  502/1000 | Loss: 0.118721
2025-12-01 06:28:55,429 - INFO - Step  503/1000 | Loss: 0.291035
2025-12-01 06:29:02,594 - INFO - Step  504/1000 | Loss: 0.027321
2025-12-01 06:29:09,209 - INFO - Step  505/1000 | Loss: 0.030814
2025-12-01 06:29:15,990 - INFO - Step  506/1000 | Loss: 0.140014
2025-12-01 06:29:22,777 - INFO - Step  507/1000 | Loss: 0.103864
2025-12-01 06:29:29,939 - INFO - Step  508/1000 | Loss: 0.023534
2025-12-01 06:29:36,726 - INFO - Step  509/1000 | Loss: 0.107619
2025-12-01 06:29:43,530 - INFO - Step  510/1000 | Loss: 0.012267
2025-12-01 06:29:50,341 - INFO - Step  511/1000 | Loss: 0.015944
2025-12-01 06:29:57,387 - INFO - Step  512/1000 | Loss: 0.094494
2025-12-01 06:30:04,182 - INFO - Step  513/1000 | Loss: 0.090294
2025-12-01 06:30:10,865 - INFO - Step  514/1000 | Loss: 0.003274
2025-12-01 06:30:17,690 - INFO - Step  515/1000 | Loss: 0.026920
2025-12-01 06:30:24,998 - INFO - Step  516/1000 | Loss: 0.088823
2025-12-01 06:30:31,602 - INFO - Step  517/1000 | Loss: 0.017126
2025-12-01 06:30:38,398 - INFO - Step  518/1000 | Loss: 0.122560
2025-12-01 06:30:45,450 - INFO - Step  519/1000 | Loss: 0.219255
2025-12-01 06:30:52,283 - INFO - Step  520/1000 | Loss: 0.011645
2025-12-01 06:30:58,893 - INFO - Step  521/1000 | Loss: 0.053578
2025-12-01 06:31:05,722 - INFO - Step  522/1000 | Loss: 0.023508
2025-12-01 06:31:12,852 - INFO - Step  523/1000 | Loss: 0.117625
2025-12-01 06:31:19,578 - INFO - Step  524/1000 | Loss: 0.011312
2025-12-01 06:31:26,388 - INFO - Step  525/1000 | Loss: 0.002569
2025-12-01 06:31:32,995 - INFO - Step  526/1000 | Loss: 0.026433
2025-12-01 06:31:40,194 - INFO - Step  527/1000 | Loss: 0.044341
2025-12-01 06:31:46,814 - INFO - Step  528/1000 | Loss: 0.046896
2025-12-01 06:31:53,726 - INFO - Step  529/1000 | Loss: 0.200762
2025-12-01 06:32:00,436 - INFO - Step  530/1000 | Loss: 0.071353
2025-12-01 06:32:07,782 - INFO - Step  531/1000 | Loss: 0.019792
2025-12-01 06:32:14,644 - INFO - Step  532/1000 | Loss: 0.188767
2025-12-01 06:32:21,273 - INFO - Step  533/1000 | Loss: 0.296696
2025-12-01 06:32:28,672 - INFO - Step  534/1000 | Loss: 0.064527
2025-12-01 06:32:35,275 - INFO - Step  535/1000 | Loss: 0.097387
2025-12-01 06:32:42,053 - INFO - Step  536/1000 | Loss: 0.259759
2025-12-01 06:32:48,678 - INFO - Step  537/1000 | Loss: 0.230250
2025-12-01 06:32:55,977 - INFO - Step  538/1000 | Loss: 0.226281
2025-12-01 06:33:02,838 - INFO - Step  539/1000 | Loss: 0.069348
2025-12-01 06:33:09,537 - INFO - Step  540/1000 | Loss: 0.141674
2025-12-01 06:33:16,343 - INFO - Step  541/1000 | Loss: 0.129814
2025-12-01 06:33:23,365 - INFO - Step  542/1000 | Loss: 0.250246
2025-12-01 06:33:30,144 - INFO - Step  543/1000 | Loss: 0.196747
2025-12-01 06:33:36,732 - INFO - Step  544/1000 | Loss: 0.002544
2025-12-01 06:33:44,025 - INFO - Step  545/1000 | Loss: 0.008852
2025-12-01 06:33:50,764 - INFO - Step  546/1000 | Loss: 0.008720
2025-12-01 06:33:57,513 - INFO - Step  547/1000 | Loss: 0.048565
2025-12-01 06:34:04,398 - INFO - Step  548/1000 | Loss: 0.039021
2025-12-01 06:34:11,401 - INFO - Step  549/1000 | Loss: 0.042465
2025-12-01 06:34:18,257 - INFO - Step  550/1000 | Loss: 0.102830
2025-12-01 06:34:24,886 - INFO - Step  551/1000 | Loss: 0.007472
2025-12-01 06:34:31,658 - INFO - Step  552/1000 | Loss: 0.003146
2025-12-01 06:34:38,774 - INFO - Step  553/1000 | Loss: 0.165670
2025-12-01 06:34:45,552 - INFO - Step  554/1000 | Loss: 0.148368
2025-12-01 06:34:52,373 - INFO - Step  555/1000 | Loss: 0.144816
2025-12-01 06:34:59,528 - INFO - Step  556/1000 | Loss: 0.037257
2025-12-01 06:35:06,352 - INFO - Step  557/1000 | Loss: 0.295125
2025-12-01 06:35:12,942 - INFO - Step  558/1000 | Loss: 0.177133
2025-12-01 06:35:19,680 - INFO - Step  559/1000 | Loss: 0.047234
2025-12-01 06:35:26,720 - INFO - Step  560/1000 | Loss: 0.031646
2025-12-01 06:35:33,573 - INFO - Step  561/1000 | Loss: 0.004157
2025-12-01 06:35:40,360 - INFO - Step  562/1000 | Loss: 0.166182
2025-12-01 06:35:47,124 - INFO - Step  563/1000 | Loss: 0.118561
2025-12-01 06:35:54,362 - INFO - Step  564/1000 | Loss: 0.090286
2025-12-01 06:36:01,154 - INFO - Step  565/1000 | Loss: 0.092929
2025-12-01 06:36:08,009 - INFO - Step  566/1000 | Loss: 0.026470
2025-12-01 06:36:15,053 - INFO - Step  567/1000 | Loss: 0.197550
2025-12-01 06:36:21,863 - INFO - Step  568/1000 | Loss: 0.038659
2025-12-01 06:36:28,534 - INFO - Step  569/1000 | Loss: 0.011404
2025-12-01 06:36:35,242 - INFO - Step  570/1000 | Loss: 0.109843
2025-12-01 06:36:42,502 - INFO - Step  571/1000 | Loss: 0.032743
2025-12-01 06:36:49,108 - INFO - Step  572/1000 | Loss: 0.133762
2025-12-01 06:36:55,939 - INFO - Step  573/1000 | Loss: 0.052702
2025-12-01 06:37:02,560 - INFO - Step  574/1000 | Loss: 0.108021
2025-12-01 06:37:09,848 - INFO - Step  575/1000 | Loss: 0.057771
2025-12-01 06:37:16,469 - INFO - Step  576/1000 | Loss: 0.235164
2025-12-01 06:37:23,267 - INFO - Step  577/1000 | Loss: 0.005712
2025-12-01 06:37:29,998 - INFO - Step  578/1000 | Loss: 0.270391
2025-12-01 06:37:37,299 - INFO - Step  579/1000 | Loss: 0.036952
2025-12-01 06:37:44,088 - INFO - Step  580/1000 | Loss: 0.032989
2025-12-01 06:37:50,710 - INFO - Step  581/1000 | Loss: 0.092947
2025-12-01 06:37:57,967 - INFO - Step  582/1000 | Loss: 0.002872
2025-12-01 06:38:04,573 - INFO - Step  583/1000 | Loss: 0.034122
2025-12-01 06:38:11,382 - INFO - Step  584/1000 | Loss: 0.003930
2025-12-01 06:38:18,051 - INFO - Step  585/1000 | Loss: 0.171539
2025-12-01 06:38:25,275 - INFO - Step  586/1000 | Loss: 0.041847
2025-12-01 06:38:32,094 - INFO - Step  587/1000 | Loss: 0.052895
2025-12-01 06:38:38,690 - INFO - Step  588/1000 | Loss: 0.208150
2025-12-01 06:38:45,437 - INFO - Step  589/1000 | Loss: 0.254080
2025-12-01 06:38:52,451 - INFO - Step  590/1000 | Loss: 0.179400
2025-12-01 06:38:59,217 - INFO - Step  591/1000 | Loss: 0.010836
2025-12-01 06:39:05,805 - INFO - Step  592/1000 | Loss: 0.219276
2025-12-01 06:39:12,606 - INFO - Step  593/1000 | Loss: 0.030458
2025-12-01 06:39:19,776 - INFO - Step  594/1000 | Loss: 0.208962
2025-12-01 06:39:26,521 - INFO - Step  595/1000 | Loss: 0.005135
2025-12-01 06:39:33,297 - INFO - Step  596/1000 | Loss: 0.007584
2025-12-01 06:39:40,341 - INFO - Step  597/1000 | Loss: 0.060757
2025-12-01 06:39:47,131 - INFO - Step  598/1000 | Loss: 0.128067
2025-12-01 06:39:53,737 - INFO - Step  599/1000 | Loss: 0.168478
2025-12-01 06:40:00,563 - INFO - Step  600/1000 | Loss: 0.108672
2025-12-01 06:40:00,890 - INFO - Checkpoint saved: ./sdxl-naruto-lora/checkpoint-600
2025-12-01 06:40:08,066 - INFO - Step  601/1000 | Loss: 0.010268
2025-12-01 06:40:14,792 - INFO - Step  602/1000 | Loss: 0.014698
2025-12-01 06:40:21,607 - INFO - Step  603/1000 | Loss: 0.212278
2025-12-01 06:40:28,210 - INFO - Step  604/1000 | Loss: 0.170555
2025-12-01 06:40:35,479 - INFO - Step  605/1000 | Loss: 0.150179
2025-12-01 06:40:42,072 - INFO - Step  606/1000 | Loss: 0.017974
2025-12-01 06:40:48,816 - INFO - Step  607/1000 | Loss: 0.111105
2025-12-01 06:40:55,891 - INFO - Step  608/1000 | Loss: 0.017292
2025-12-01 06:41:02,619 - INFO - Step  609/1000 | Loss: 0.005508
2025-12-01 06:41:09,326 - INFO - Step  610/1000 | Loss: 0.218580
2025-12-01 06:41:16,062 - INFO - Step  611/1000 | Loss: 0.172936
2025-12-01 06:41:17,987 - INFO - Step  612/1000 | Loss: 0.062149
2025-12-01 06:41:17,990 - INFO - Epoch 3/4
2025-12-01 06:41:25,865 - INFO - Step  613/1000 | Loss: 0.218844
2025-12-01 06:41:32,562 - INFO - Step  614/1000 | Loss: 0.306269
2025-12-01 06:41:39,415 - INFO - Step  615/1000 | Loss: 0.094557
2025-12-01 06:41:46,216 - INFO - Step  616/1000 | Loss: 0.041223
2025-12-01 06:41:53,338 - INFO - Step  617/1000 | Loss: 0.046212
2025-12-01 06:42:00,139 - INFO - Step  618/1000 | Loss: 0.078957
2025-12-01 06:42:06,768 - INFO - Step  619/1000 | Loss: 0.001877
2025-12-01 06:42:13,978 - INFO - Step  620/1000 | Loss: 0.130935
2025-12-01 06:42:20,860 - INFO - Step  621/1000 | Loss: 0.273339
2025-12-01 06:42:27,783 - INFO - Step  622/1000 | Loss: 0.136011
2025-12-01 06:42:34,535 - INFO - Step  623/1000 | Loss: 0.100154
2025-12-01 06:42:41,725 - INFO - Step  624/1000 | Loss: 0.019217
2025-12-01 06:42:48,546 - INFO - Step  625/1000 | Loss: 0.024081
2025-12-01 06:42:55,148 - INFO - Step  626/1000 | Loss: 0.012663
2025-12-01 06:43:02,029 - INFO - Step  627/1000 | Loss: 0.012715
2025-12-01 06:43:09,067 - INFO - Step  628/1000 | Loss: 0.016415
2025-12-01 06:43:15,837 - INFO - Step  629/1000 | Loss: 0.083812
2025-12-01 06:43:22,520 - INFO - Step  630/1000 | Loss: 0.136921
2025-12-01 06:43:29,323 - INFO - Step  631/1000 | Loss: 0.101599
2025-12-01 06:43:36,684 - INFO - Step  632/1000 | Loss: 0.176514
2025-12-01 06:43:43,318 - INFO - Step  633/1000 | Loss: 0.013904
2025-12-01 06:43:50,109 - INFO - Step  634/1000 | Loss: 0.195737
2025-12-01 06:43:57,167 - INFO - Step  635/1000 | Loss: 0.168976
2025-12-01 06:44:03,997 - INFO - Step  636/1000 | Loss: 0.062788
2025-12-01 06:44:10,619 - INFO - Step  637/1000 | Loss: 0.208299
2025-12-01 06:44:17,400 - INFO - Step  638/1000 | Loss: 0.235506
2025-12-01 06:44:24,504 - INFO - Step  639/1000 | Loss: 0.050849
2025-12-01 06:44:31,243 - INFO - Step  640/1000 | Loss: 0.041176
2025-12-01 06:44:38,033 - INFO - Step  641/1000 | Loss: 0.013829
2025-12-01 06:44:44,625 - INFO - Step  642/1000 | Loss: 0.142691
2025-12-01 06:44:51,856 - INFO - Step  643/1000 | Loss: 0.027564
2025-12-01 06:44:58,441 - INFO - Step  644/1000 | Loss: 0.146376
2025-12-01 06:45:05,287 - INFO - Step  645/1000 | Loss: 0.078249
2025-12-01 06:45:12,372 - INFO - Step  646/1000 | Loss: 0.047973
2025-12-01 06:45:19,150 - INFO - Step  647/1000 | Loss: 0.245473
2025-12-01 06:45:25,846 - INFO - Step  648/1000 | Loss: 0.081345
2025-12-01 06:45:32,572 - INFO - Step  649/1000 | Loss: 0.139463
2025-12-01 06:45:39,803 - INFO - Step  650/1000 | Loss: 0.014590
2025-12-01 06:45:46,372 - INFO - Step  651/1000 | Loss: 0.231262
2025-12-01 06:45:53,193 - INFO - Step  652/1000 | Loss: 0.009589
2025-12-01 06:45:59,788 - INFO - Step  653/1000 | Loss: 0.059990
2025-12-01 06:46:07,119 - INFO - Step  654/1000 | Loss: 0.024536
2025-12-01 06:46:13,806 - INFO - Step  655/1000 | Loss: 0.150902
2025-12-01 06:46:20,612 - INFO - Step  656/1000 | Loss: 0.291701
2025-12-01 06:46:27,412 - INFO - Step  657/1000 | Loss: 0.110576
2025-12-01 06:46:34,442 - INFO - Step  658/1000 | Loss: 0.202727
2025-12-01 06:46:41,234 - INFO - Step  659/1000 | Loss: 0.123460
2025-12-01 06:46:47,839 - INFO - Step  660/1000 | Loss: 0.263858
2025-12-01 06:46:55,077 - INFO - Step  661/1000 | Loss: 0.022507
2025-12-01 06:47:01,675 - INFO - Step  662/1000 | Loss: 0.120656
2025-12-01 06:47:08,552 - INFO - Step  663/1000 | Loss: 0.097875
2025-12-01 06:47:15,332 - INFO - Step  664/1000 | Loss: 0.018270
2025-12-01 06:47:22,569 - INFO - Step  665/1000 | Loss: 0.029533
2025-12-01 06:47:29,389 - INFO - Step  666/1000 | Loss: 0.212061
2025-12-01 06:47:36,024 - INFO - Step  667/1000 | Loss: 0.037651
2025-12-01 06:47:42,873 - INFO - Step  668/1000 | Loss: 0.138443
2025-12-01 06:47:49,900 - INFO - Step  669/1000 | Loss: 0.037242
2025-12-01 06:47:56,675 - INFO - Step  670/1000 | Loss: 0.293085
2025-12-01 06:48:03,360 - INFO - Step  671/1000 | Loss: 0.160167
2025-12-01 06:48:10,535 - INFO - Step  672/1000 | Loss: 0.121747
2025-12-01 06:48:17,456 - INFO - Step  673/1000 | Loss: 0.014268
2025-12-01 06:48:24,059 - INFO - Step  674/1000 | Loss: 0.047336
2025-12-01 06:48:30,852 - INFO - Step  675/1000 | Loss: 0.149136
2025-12-01 06:48:38,070 - INFO - Step  676/1000 | Loss: 0.095420
2025-12-01 06:48:44,802 - INFO - Step  677/1000 | Loss: 0.012043
2025-12-01 06:48:51,399 - INFO - Step  678/1000 | Loss: 0.135879
2025-12-01 06:48:58,167 - INFO - Step  679/1000 | Loss: 0.006628
2025-12-01 06:49:05,257 - INFO - Step  680/1000 | Loss: 0.165109
2025-12-01 06:49:11,979 - INFO - Step  681/1000 | Loss: 0.057890
2025-12-01 06:49:18,767 - INFO - Step  682/1000 | Loss: 0.041209
2025-12-01 06:49:25,778 - INFO - Step  683/1000 | Loss: 0.023662
2025-12-01 06:49:32,587 - INFO - Step  684/1000 | Loss: 0.045776
2025-12-01 06:49:39,203 - INFO - Step  685/1000 | Loss: 0.033884
2025-12-01 06:49:45,985 - INFO - Step  686/1000 | Loss: 0.215165
2025-12-01 06:49:53,056 - INFO - Step  687/1000 | Loss: 0.182551
2025-12-01 06:49:59,869 - INFO - Step  688/1000 | Loss: 0.056350
2025-12-01 06:50:06,686 - INFO - Step  689/1000 | Loss: 0.081681
2025-12-01 06:50:13,337 - INFO - Step  690/1000 | Loss: 0.004791
2025-12-01 06:50:20,539 - INFO - Step  691/1000 | Loss: 0.265980
2025-12-01 06:50:27,156 - INFO - Step  692/1000 | Loss: 0.224649
2025-12-01 06:50:33,986 - INFO - Step  693/1000 | Loss: 0.250124
2025-12-01 06:50:40,586 - INFO - Step  694/1000 | Loss: 0.015644
2025-12-01 06:50:47,859 - INFO - Step  695/1000 | Loss: 0.075326
2025-12-01 06:50:54,592 - INFO - Step  696/1000 | Loss: 0.011676
2025-12-01 06:51:01,336 - INFO - Step  697/1000 | Loss: 0.223622
2025-12-01 06:51:08,622 - INFO - Step  698/1000 | Loss: 0.215796
2025-12-01 06:51:15,248 - INFO - Step  699/1000 | Loss: 0.119079
2025-12-01 06:51:22,097 - INFO - Step  700/1000 | Loss: 0.004544
2025-12-01 06:51:28,699 - INFO - Step  701/1000 | Loss: 0.003516
2025-12-01 06:51:36,062 - INFO - Step  702/1000 | Loss: 0.230016
2025-12-01 06:51:42,721 - INFO - Step  703/1000 | Loss: 0.080345
2025-12-01 06:51:49,473 - INFO - Step  704/1000 | Loss: 0.289414
2025-12-01 06:51:56,193 - INFO - Step  705/1000 | Loss: 0.001869
2025-12-01 06:52:03,412 - INFO - Step  706/1000 | Loss: 0.358393
2025-12-01 06:52:10,291 - INFO - Step  707/1000 | Loss: 0.158907
2025-12-01 06:52:16,887 - INFO - Step  708/1000 | Loss: 0.003768
2025-12-01 06:52:24,218 - INFO - Step  709/1000 | Loss: 0.098648
2025-12-01 06:52:30,833 - INFO - Step  710/1000 | Loss: 0.203812
2025-12-01 06:52:37,606 - INFO - Step  711/1000 | Loss: 0.298874
2025-12-01 06:52:44,322 - INFO - Step  712/1000 | Loss: 0.016794
2025-12-01 06:52:51,499 - INFO - Step  713/1000 | Loss: 0.012300
2025-12-01 06:52:58,339 - INFO - Step  714/1000 | Loss: 0.002166
2025-12-01 06:53:04,954 - INFO - Step  715/1000 | Loss: 0.214854
2025-12-01 06:53:11,705 - INFO - Step  716/1000 | Loss: 0.048516
2025-12-01 06:53:18,698 - INFO - Step  717/1000 | Loss: 0.003393
2025-12-01 06:53:25,450 - INFO - Step  718/1000 | Loss: 0.109533
2025-12-01 06:53:32,076 - INFO - Step  719/1000 | Loss: 0.228330
2025-12-01 06:53:39,261 - INFO - Step  720/1000 | Loss: 0.173478
2025-12-01 06:53:45,973 - INFO - Step  721/1000 | Loss: 0.084928
2025-12-01 06:53:52,734 - INFO - Step  722/1000 | Loss: 0.060398
2025-12-01 06:53:59,521 - INFO - Step  723/1000 | Loss: 0.121898
2025-12-01 06:54:06,566 - INFO - Step  724/1000 | Loss: 0.122777
2025-12-01 06:54:13,414 - INFO - Step  725/1000 | Loss: 0.125520
2025-12-01 06:54:20,025 - INFO - Step  726/1000 | Loss: 0.255284
2025-12-01 06:54:26,887 - INFO - Step  727/1000 | Loss: 0.070081
2025-12-01 06:54:34,003 - INFO - Step  728/1000 | Loss: 0.078631
2025-12-01 06:54:40,825 - INFO - Step  729/1000 | Loss: 0.125552
2025-12-01 06:54:47,654 - INFO - Step  730/1000 | Loss: 0.121691
2025-12-01 06:54:54,275 - INFO - Step  731/1000 | Loss: 0.019699
2025-12-01 06:55:01,695 - INFO - Step  732/1000 | Loss: 0.076770
2025-12-01 06:55:08,289 - INFO - Step  733/1000 | Loss: 0.003065
2025-12-01 06:55:15,033 - INFO - Step  734/1000 | Loss: 0.103233
2025-12-01 06:55:22,048 - INFO - Step  735/1000 | Loss: 0.093598
2025-12-01 06:55:28,835 - INFO - Step  736/1000 | Loss: 0.026240
2025-12-01 06:55:35,533 - INFO - Step  737/1000 | Loss: 0.134071
2025-12-01 06:55:42,329 - INFO - Step  738/1000 | Loss: 0.010379
2025-12-01 06:55:49,553 - INFO - Step  739/1000 | Loss: 0.030568
2025-12-01 06:55:56,145 - INFO - Step  740/1000 | Loss: 0.014407
2025-12-01 06:56:02,912 - INFO - Step  741/1000 | Loss: 0.194502
2025-12-01 06:56:09,514 - INFO - Step  742/1000 | Loss: 0.007526
2025-12-01 06:56:16,715 - INFO - Step  743/1000 | Loss: 0.118043
2025-12-01 06:56:23,337 - INFO - Step  744/1000 | Loss: 0.070137
2025-12-01 06:56:30,136 - INFO - Step  745/1000 | Loss: 0.009549
2025-12-01 06:56:37,296 - INFO - Step  746/1000 | Loss: 0.070937
2025-12-01 06:56:44,053 - INFO - Step  747/1000 | Loss: 0.029964
2025-12-01 06:56:50,872 - INFO - Step  748/1000 | Loss: 0.064049
2025-12-01 06:56:57,494 - INFO - Step  749/1000 | Loss: 0.045586
2025-12-01 06:57:04,786 - INFO - Step  750/1000 | Loss: 0.004110
2025-12-01 06:57:11,369 - INFO - Step  751/1000 | Loss: 0.324055
2025-12-01 06:57:18,174 - INFO - Step  752/1000 | Loss: 0.019644
2025-12-01 06:57:24,788 - INFO - Step  753/1000 | Loss: 0.198464
2025-12-01 06:57:31,987 - INFO - Step  754/1000 | Loss: 0.064796
2025-12-01 06:57:38,802 - INFO - Step  755/1000 | Loss: 0.120079
2025-12-01 06:57:45,472 - INFO - Step  756/1000 | Loss: 0.003912
2025-12-01 06:57:52,743 - INFO - Step  757/1000 | Loss: 0.217492
2025-12-01 06:57:59,330 - INFO - Step  758/1000 | Loss: 0.002970
2025-12-01 06:58:06,113 - INFO - Step  759/1000 | Loss: 0.126527
2025-12-01 06:58:12,718 - INFO - Step  760/1000 | Loss: 0.118687
2025-12-01 06:58:19,975 - INFO - Step  761/1000 | Loss: 0.081162
2025-12-01 06:58:26,704 - INFO - Step  762/1000 | Loss: 0.058130
2025-12-01 06:58:33,469 - INFO - Step  763/1000 | Loss: 0.010243
2025-12-01 06:58:40,314 - INFO - Step  764/1000 | Loss: 0.069568
2025-12-01 06:58:47,349 - INFO - Step  765/1000 | Loss: 0.004059
2025-12-01 06:58:54,137 - INFO - Step  766/1000 | Loss: 0.210989
2025-12-01 06:59:00,734 - INFO - Step  767/1000 | Loss: 0.135329
2025-12-01 06:59:07,581 - INFO - Step  768/1000 | Loss: 0.237827
2025-12-01 06:59:14,647 - INFO - Step  769/1000 | Loss: 0.020381
2025-12-01 06:59:21,523 - INFO - Step  770/1000 | Loss: 0.153696
2025-12-01 06:59:28,276 - INFO - Step  771/1000 | Loss: 0.153514
2025-12-01 06:59:35,428 - INFO - Step  772/1000 | Loss: 0.135821
2025-12-01 06:59:42,244 - INFO - Step  773/1000 | Loss: 0.029504
2025-12-01 06:59:48,845 - INFO - Step  774/1000 | Loss: 0.143668
2025-12-01 06:59:55,692 - INFO - Step  775/1000 | Loss: 0.011365
2025-12-01 07:00:02,750 - INFO - Step  776/1000 | Loss: 0.218476
2025-12-01 07:00:09,563 - INFO - Step  777/1000 | Loss: 0.065249
2025-12-01 07:00:16,250 - INFO - Step  778/1000 | Loss: 0.025954
2025-12-01 07:00:23,067 - INFO - Step  779/1000 | Loss: 0.324609
2025-12-01 07:00:30,326 - INFO - Step  780/1000 | Loss: 0.012302
2025-12-01 07:00:36,925 - INFO - Step  781/1000 | Loss: 0.209833
2025-12-01 07:00:43,656 - INFO - Step  782/1000 | Loss: 0.241477
2025-12-01 07:00:50,260 - INFO - Step  783/1000 | Loss: 0.005839
2025-12-01 07:00:57,461 - INFO - Step  784/1000 | Loss: 0.012967
2025-12-01 07:01:04,067 - INFO - Step  785/1000 | Loss: 0.214780
2025-12-01 07:01:10,844 - INFO - Step  786/1000 | Loss: 0.196732
2025-12-01 07:01:17,962 - INFO - Step  787/1000 | Loss: 0.002399
2025-12-01 07:01:24,852 - INFO - Step  788/1000 | Loss: 0.065440
2025-12-01 07:01:31,647 - INFO - Step  789/1000 | Loss: 0.055846
2025-12-01 07:01:38,269 - INFO - Step  790/1000 | Loss: 0.152143
2025-12-01 07:01:45,448 - INFO - Step  791/1000 | Loss: 0.157136
2025-12-01 07:01:52,045 - INFO - Step  792/1000 | Loss: 0.156615
2025-12-01 07:01:58,871 - INFO - Step  793/1000 | Loss: 0.146822
2025-12-01 07:02:05,476 - INFO - Step  794/1000 | Loss: 0.003328
2025-12-01 07:02:12,791 - INFO - Step  795/1000 | Loss: 0.213223
2025-12-01 07:02:19,612 - INFO - Step  796/1000 | Loss: 0.065617
2025-12-01 07:02:26,229 - INFO - Step  797/1000 | Loss: 0.011791
2025-12-01 07:02:33,531 - INFO - Step  798/1000 | Loss: 0.058939
2025-12-01 07:02:40,152 - INFO - Step  799/1000 | Loss: 0.135737
2025-12-01 07:02:46,999 - INFO - Step  800/1000 | Loss: 0.074419
2025-12-01 07:02:47,313 - INFO - Checkpoint saved: ./sdxl-naruto-lora/checkpoint-800
2025-12-01 07:02:53,934 - INFO - Step  801/1000 | Loss: 0.165425
2025-12-01 07:03:01,218 - INFO - Step  802/1000 | Loss: 0.035929
2025-12-01 07:03:08,007 - INFO - Step  803/1000 | Loss: 0.121350
2025-12-01 07:03:14,720 - INFO - Step  804/1000 | Loss: 0.180093
2025-12-01 07:03:21,491 - INFO - Step  805/1000 | Loss: 0.086358
2025-12-01 07:03:28,542 - INFO - Step  806/1000 | Loss: 0.175226
2025-12-01 07:03:35,353 - INFO - Step  807/1000 | Loss: 0.241147
2025-12-01 07:03:41,973 - INFO - Step  808/1000 | Loss: 0.011973
2025-12-01 07:03:49,245 - INFO - Step  809/1000 | Loss: 0.245032
2025-12-01 07:03:56,005 - INFO - Step  810/1000 | Loss: 0.073940
2025-12-01 07:04:02,794 - INFO - Step  811/1000 | Loss: 0.279884
2025-12-01 07:04:09,717 - INFO - Step  812/1000 | Loss: 0.102941
2025-12-01 07:04:16,738 - INFO - Step  813/1000 | Loss: 0.038457
2025-12-01 07:04:23,505 - INFO - Step  814/1000 | Loss: 0.068488
2025-12-01 07:04:30,088 - INFO - Step  815/1000 | Loss: 0.003209
2025-12-01 07:04:36,933 - INFO - Step  816/1000 | Loss: 0.004231
2025-12-01 07:04:43,983 - INFO - Step  817/1000 | Loss: 0.006458
2025-12-01 07:04:50,831 - INFO - Step  818/1000 | Loss: 0.201997
2025-12-01 07:04:57,558 - INFO - Step  819/1000 | Loss: 0.234175
2025-12-01 07:05:04,657 - INFO - Step  820/1000 | Loss: 0.079030
2025-12-01 07:05:11,483 - INFO - Step  821/1000 | Loss: 0.065464
2025-12-01 07:05:18,080 - INFO - Step  822/1000 | Loss: 0.021787
2025-12-01 07:05:24,976 - INFO - Step  823/1000 | Loss: 0.005880
2025-12-01 07:05:31,974 - INFO - Step  824/1000 | Loss: 0.227673
2025-12-01 07:05:38,833 - INFO - Step  825/1000 | Loss: 0.182151
2025-12-01 07:05:45,512 - INFO - Step  826/1000 | Loss: 0.207708
2025-12-01 07:05:52,277 - INFO - Step  827/1000 | Loss: 0.120253
2025-12-01 07:05:59,530 - INFO - Step  828/1000 | Loss: 0.127789
2025-12-01 07:06:06,183 - INFO - Step  829/1000 | Loss: 0.112254
2025-12-01 07:06:12,923 - INFO - Step  830/1000 | Loss: 0.002696
2025-12-01 07:06:19,934 - INFO - Step  831/1000 | Loss: 0.230856
2025-12-01 07:06:26,691 - INFO - Step  832/1000 | Loss: 0.021727
2025-12-01 07:06:33,292 - INFO - Step  833/1000 | Loss: 0.131539
2025-12-01 07:06:40,087 - INFO - Step  834/1000 | Loss: 0.081448
2025-12-01 07:06:47,244 - INFO - Step  835/1000 | Loss: 0.016482
2025-12-01 07:06:53,990 - INFO - Step  836/1000 | Loss: 0.007122
2025-12-01 07:07:00,893 - INFO - Step  837/1000 | Loss: 0.100104
2025-12-01 07:07:07,491 - INFO - Step  838/1000 | Loss: 0.004376
2025-12-01 07:07:14,666 - INFO - Step  839/1000 | Loss: 0.191879
2025-12-01 07:07:21,269 - INFO - Step  840/1000 | Loss: 0.029693
2025-12-01 07:07:28,101 - INFO - Step  841/1000 | Loss: 0.196012
2025-12-01 07:07:34,699 - INFO - Step  842/1000 | Loss: 0.092008
2025-12-01 07:07:41,940 - INFO - Step  843/1000 | Loss: 0.051201
2025-12-01 07:07:48,673 - INFO - Step  844/1000 | Loss: 0.076267
2025-12-01 07:07:55,604 - INFO - Step  845/1000 | Loss: 0.126130
2025-12-01 07:08:02,919 - INFO - Step  846/1000 | Loss: 0.039105
2025-12-01 07:08:09,494 - INFO - Step  847/1000 | Loss: 0.056775
2025-12-01 07:08:16,328 - INFO - Step  848/1000 | Loss: 0.233452
2025-12-01 07:08:22,916 - INFO - Step  849/1000 | Loss: 0.035773
2025-12-01 07:08:30,146 - INFO - Step  850/1000 | Loss: 0.230545
2025-12-01 07:08:36,808 - INFO - Step  851/1000 | Loss: 0.007388
2025-12-01 07:08:43,568 - INFO - Step  852/1000 | Loss: 0.215108
2025-12-01 07:08:50,281 - INFO - Step  853/1000 | Loss: 0.022240
2025-12-01 07:08:57,470 - INFO - Step  854/1000 | Loss: 0.296045
2025-12-01 07:09:04,274 - INFO - Step  855/1000 | Loss: 0.004070
2025-12-01 07:09:10,870 - INFO - Step  856/1000 | Loss: 0.186099
2025-12-01 07:09:18,095 - INFO - Step  857/1000 | Loss: 0.069692
2025-12-01 07:09:24,677 - INFO - Step  858/1000 | Loss: 0.151388
2025-12-01 07:09:31,487 - INFO - Step  859/1000 | Loss: 0.003949
2025-12-01 07:09:38,154 - INFO - Step  860/1000 | Loss: 0.008465
2025-12-01 07:09:45,418 - INFO - Step  861/1000 | Loss: 0.007011
2025-12-01 07:09:52,293 - INFO - Step  862/1000 | Loss: 0.125135
2025-12-01 07:09:58,884 - INFO - Step  863/1000 | Loss: 0.005802
2025-12-01 07:10:05,723 - INFO - Step  864/1000 | Loss: 0.026509
2025-12-01 07:10:12,741 - INFO - Step  865/1000 | Loss: 0.006452
2025-12-01 07:10:19,567 - INFO - Step  866/1000 | Loss: 0.268007
2025-12-01 07:10:26,185 - INFO - Step  867/1000 | Loss: 0.091333
2025-12-01 07:10:33,344 - INFO - Step  868/1000 | Loss: 0.102242
2025-12-01 07:10:40,050 - INFO - Step  869/1000 | Loss: 0.043280
2025-12-01 07:10:46,786 - INFO - Step  870/1000 | Loss: 0.327284
2025-12-01 07:10:53,645 - INFO - Step  871/1000 | Loss: 0.034810
2025-12-01 07:11:00,699 - INFO - Step  872/1000 | Loss: 0.171625
2025-12-01 07:11:07,507 - INFO - Step  873/1000 | Loss: 0.194128
2025-12-01 07:11:14,097 - INFO - Step  874/1000 | Loss: 0.007311
2025-12-01 07:11:20,899 - INFO - Step  875/1000 | Loss: 0.221753
2025-12-01 07:11:27,936 - INFO - Step  876/1000 | Loss: 0.005752
2025-12-01 07:11:34,798 - INFO - Step  877/1000 | Loss: 0.154459
2025-12-01 07:11:41,549 - INFO - Step  878/1000 | Loss: 0.018897
2025-12-01 07:11:48,310 - INFO - Step  879/1000 | Loss: 0.016851
2025-12-01 07:11:55,477 - INFO - Step  880/1000 | Loss: 0.138735
2025-12-01 07:12:02,091 - INFO - Step  881/1000 | Loss: 0.008827
2025-12-01 07:12:08,910 - INFO - Step  882/1000 | Loss: 0.004743
2025-12-01 07:12:15,953 - INFO - Step  883/1000 | Loss: 0.009874
2025-12-01 07:12:22,769 - INFO - Step  884/1000 | Loss: 0.024002
2025-12-01 07:12:29,474 - INFO - Step  885/1000 | Loss: 0.104660
2025-12-01 07:12:36,267 - INFO - Step  886/1000 | Loss: 0.025370
2025-12-01 07:12:43,586 - INFO - Step  887/1000 | Loss: 0.126232
2025-12-01 07:12:50,212 - INFO - Step  888/1000 | Loss: 0.082830
2025-12-01 07:12:57,069 - INFO - Step  889/1000 | Loss: 0.038991
2025-12-01 07:13:03,684 - INFO - Step  890/1000 | Loss: 0.204823
2025-12-01 07:13:10,989 - INFO - Step  891/1000 | Loss: 0.236457
2025-12-01 07:13:17,589 - INFO - Step  892/1000 | Loss: 0.157375
2025-12-01 07:13:24,337 - INFO - Step  893/1000 | Loss: 0.167343
2025-12-01 07:13:31,029 - INFO - Step  894/1000 | Loss: 0.021458
2025-12-01 07:13:38,319 - INFO - Step  895/1000 | Loss: 0.003138
2025-12-01 07:13:45,147 - INFO - Step  896/1000 | Loss: 0.290394
2025-12-01 07:13:51,743 - INFO - Step  897/1000 | Loss: 0.002079
2025-12-01 07:13:59,063 - INFO - Step  898/1000 | Loss: 0.136616
2025-12-01 07:14:05,671 - INFO - Step  899/1000 | Loss: 0.274936
2025-12-01 07:14:12,405 - INFO - Step  900/1000 | Loss: 0.002272
2025-12-01 07:14:19,240 - INFO - Step  901/1000 | Loss: 0.122028
2025-12-01 07:14:26,497 - INFO - Step  902/1000 | Loss: 0.174793
2025-12-01 07:14:33,349 - INFO - Step  903/1000 | Loss: 0.005393
2025-12-01 07:14:40,024 - INFO - Step  904/1000 | Loss: 0.010190
2025-12-01 07:14:46,802 - INFO - Step  905/1000 | Loss: 0.070445
2025-12-01 07:14:53,877 - INFO - Step  906/1000 | Loss: 0.021158
2025-12-01 07:15:00,636 - INFO - Step  907/1000 | Loss: 0.162720
2025-12-01 07:15:07,249 - INFO - Step  908/1000 | Loss: 0.201164
2025-12-01 07:15:14,511 - INFO - Step  909/1000 | Loss: 0.014705
2025-12-01 07:15:21,251 - INFO - Step  910/1000 | Loss: 0.056119
2025-12-01 07:15:27,980 - INFO - Step  911/1000 | Loss: 0.218645
2025-12-01 07:15:34,828 - INFO - Step  912/1000 | Loss: 0.095511
2025-12-01 07:15:41,860 - INFO - Step  913/1000 | Loss: 0.040538
2025-12-01 07:15:48,698 - INFO - Step  914/1000 | Loss: 0.060435
2025-12-01 07:15:55,318 - INFO - Step  915/1000 | Loss: 0.219970
2025-12-01 07:16:02,077 - INFO - Step  916/1000 | Loss: 0.010829
2025-12-01 07:16:09,089 - INFO - Step  917/1000 | Loss: 0.010227
2025-12-01 07:16:11,347 - INFO - Step  918/1000 | Loss: 0.268220
2025-12-01 07:16:11,351 - INFO - Epoch 4/4
2025-12-01 07:16:18,406 - INFO - Step  919/1000 | Loss: 0.054831
2025-12-01 07:16:25,222 - INFO - Step  920/1000 | Loss: 0.017676
2025-12-01 07:16:32,441 - INFO - Step  921/1000 | Loss: 0.224895
2025-12-01 07:16:39,292 - INFO - Step  922/1000 | Loss: 0.005207
2025-12-01 07:16:46,003 - INFO - Step  923/1000 | Loss: 0.239819
2025-12-01 07:16:52,740 - INFO - Step  924/1000 | Loss: 0.255090
2025-12-01 07:17:00,031 - INFO - Step  925/1000 | Loss: 0.043481
2025-12-01 07:17:06,653 - INFO - Step  926/1000 | Loss: 0.152468
2025-12-01 07:17:13,474 - INFO - Step  927/1000 | Loss: 0.003845
2025-12-01 07:17:20,465 - INFO - Step  928/1000 | Loss: 0.002262
2025-12-01 07:17:27,325 - INFO - Step  929/1000 | Loss: 0.086518
2025-12-01 07:17:33,934 - INFO - Step  930/1000 | Loss: 0.132292
2025-12-01 07:17:40,694 - INFO - Step  931/1000 | Loss: 0.201097
2025-12-01 07:17:47,819 - INFO - Step  932/1000 | Loss: 0.013598
2025-12-01 07:17:54,565 - INFO - Step  933/1000 | Loss: 0.050069
2025-12-01 07:18:01,352 - INFO - Step  934/1000 | Loss: 0.091642
2025-12-01 07:18:07,989 - INFO - Step  935/1000 | Loss: 0.209226
2025-12-01 07:18:15,245 - INFO - Step  936/1000 | Loss: 0.168483
2025-12-01 07:18:21,853 - INFO - Step  937/1000 | Loss: 0.006204
2025-12-01 07:18:28,611 - INFO - Step  938/1000 | Loss: 0.056943
2025-12-01 07:18:35,218 - INFO - Step  939/1000 | Loss: 0.110709
2025-12-01 07:18:42,555 - INFO - Step  940/1000 | Loss: 0.074733
2025-12-01 07:18:49,380 - INFO - Step  941/1000 | Loss: 0.047005
2025-12-01 07:18:56,072 - INFO - Step  942/1000 | Loss: 0.061449
2025-12-01 07:19:03,433 - INFO - Step  943/1000 | Loss: 0.236441
2025-12-01 07:19:10,041 - INFO - Step  944/1000 | Loss: 0.004953
2025-12-01 07:19:16,771 - INFO - Step  945/1000 | Loss: 0.119232
2025-12-01 07:19:23,361 - INFO - Step  946/1000 | Loss: 0.214091
2025-12-01 07:19:30,540 - INFO - Step  947/1000 | Loss: 0.031273
2025-12-01 07:19:37,227 - INFO - Step  948/1000 | Loss: 0.031451
2025-12-01 07:19:43,980 - INFO - Step  949/1000 | Loss: 0.017204
2025-12-01 07:19:50,814 - INFO - Step  950/1000 | Loss: 0.005365
2025-12-01 07:19:57,861 - INFO - Step  951/1000 | Loss: 0.003055
2025-12-01 07:20:04,646 - INFO - Step  952/1000 | Loss: 0.092213
2025-12-01 07:20:11,223 - INFO - Step  953/1000 | Loss: 0.013171
2025-12-01 07:20:17,972 - INFO - Step  954/1000 | Loss: 0.047677
2025-12-01 07:20:25,005 - INFO - Step  955/1000 | Loss: 0.133403
2025-12-01 07:20:31,806 - INFO - Step  956/1000 | Loss: 0.116391
2025-12-01 07:20:38,507 - INFO - Step  957/1000 | Loss: 0.050183
2025-12-01 07:20:46,005 - INFO - Step  958/1000 | Loss: 0.029078
2025-12-01 07:20:52,845 - INFO - Step  959/1000 | Loss: 0.003526
2025-12-01 07:20:59,446 - INFO - Step  960/1000 | Loss: 0.117978
2025-12-01 07:21:06,271 - INFO - Step  961/1000 | Loss: 0.074894
2025-12-01 07:21:13,321 - INFO - Step  962/1000 | Loss: 0.194034
2025-12-01 07:21:20,103 - INFO - Step  963/1000 | Loss: 0.061613
2025-12-01 07:21:26,694 - INFO - Step  964/1000 | Loss: 0.159112
2025-12-01 07:21:33,470 - INFO - Step  965/1000 | Loss: 0.193331
2025-12-01 07:21:40,701 - INFO - Step  966/1000 | Loss: 0.004592
2025-12-01 07:21:47,368 - INFO - Step  967/1000 | Loss: 0.167775
2025-12-01 07:21:54,129 - INFO - Step  968/1000 | Loss: 0.030253
2025-12-01 07:22:01,093 - INFO - Step  969/1000 | Loss: 0.260662
2025-12-01 07:22:07,899 - INFO - Step  970/1000 | Loss: 0.048345
2025-12-01 07:22:14,499 - INFO - Step  971/1000 | Loss: 0.163250
2025-12-01 07:22:21,299 - INFO - Step  972/1000 | Loss: 0.021288
2025-12-01 07:22:28,430 - INFO - Step  973/1000 | Loss: 0.135730
2025-12-01 07:22:35,184 - INFO - Step  974/1000 | Loss: 0.070852
2025-12-01 07:22:42,024 - INFO - Step  975/1000 | Loss: 0.082498
2025-12-01 07:22:48,649 - INFO - Step  976/1000 | Loss: 0.092070
2025-12-01 07:22:55,829 - INFO - Step  977/1000 | Loss: 0.149522
2025-12-01 07:23:02,448 - INFO - Step  978/1000 | Loss: 0.083090
2025-12-01 07:23:09,287 - INFO - Step  979/1000 | Loss: 0.088444
2025-12-01 07:23:16,294 - INFO - Step  980/1000 | Loss: 0.031634
2025-12-01 07:23:23,138 - INFO - Step  981/1000 | Loss: 0.034018
2025-12-01 07:23:29,895 - INFO - Step  982/1000 | Loss: 0.061808
2025-12-01 07:23:36,621 - INFO - Step  983/1000 | Loss: 0.035755
2025-12-01 07:23:43,927 - INFO - Step  984/1000 | Loss: 0.062555
2025-12-01 07:23:50,524 - INFO - Step  985/1000 | Loss: 0.084958
2025-12-01 07:23:57,344 - INFO - Step  986/1000 | Loss: 0.025704
2025-12-01 07:24:03,941 - INFO - Step  987/1000 | Loss: 0.059238
2025-12-01 07:24:11,236 - INFO - Step  988/1000 | Loss: 0.070537
2025-12-01 07:24:17,890 - INFO - Step  989/1000 | Loss: 0.190485
2025-12-01 07:24:24,641 - INFO - Step  990/1000 | Loss: 0.005639
2025-12-01 07:24:31,472 - INFO - Step  991/1000 | Loss: 0.007006
2025-12-01 07:24:38,554 - INFO - Step  992/1000 | Loss: 0.042626
2025-12-01 07:24:45,381 - INFO - Step  993/1000 | Loss: 0.039925
2025-12-01 07:24:51,990 - INFO - Step  994/1000 | Loss: 0.249586
2025-12-01 07:24:59,170 - INFO - Step  995/1000 | Loss: 0.119110
2025-12-01 07:25:05,777 - INFO - Step  996/1000 | Loss: 0.198638
2025-12-01 07:25:12,528 - INFO - Step  997/1000 | Loss: 0.002192
2025-12-01 07:25:19,222 - INFO - Step  998/1000 | Loss: 0.084263
2025-12-01 07:25:26,403 - INFO - Step  999/1000 | Loss: 0.187250
2025-12-01 07:25:33,262 - INFO - Step 1000/1000 | Loss: 0.194479
2025-12-01 07:25:33,584 - INFO - Checkpoint saved: ./sdxl-naruto-lora/checkpoint-1000
2025-12-01 07:25:38,089 - INFO - TRAINING COMPLETE
2025-12-01 07:25:38,091 - INFO - Final model saved to: ./sdxl-naruto-lora
2025-12-01 07:25:38,094 - INFO - Total steps completed: 1000
2025-12-01 07:25:38,095 - INFO - Final loss: 0.194479
